2017-06-26 15:22:06,327 [Worker-14] INFO  o.e.m.c.i.l.LifecycleMappingFactory - Using org.maven.ide.eclipse.wtp.WarLifecycleMapping lifecycle mapping for MavenProject: com.katlayst:ApparelMagicClient:0.0.1-SNAPSHOT @ C:\Users\sreddy\Downloads\Work\ApparelMagicAPI\pom.xml.
2017-06-26 15:22:06,449 [Worker-12] INFO  o.e.m.c.i.l.LifecycleMappingFactory - Using org.maven.ide.eclipse.wtp.WarLifecycleMapping lifecycle mapping for MavenProject: com.katlayst:ApparelMagicClient:0.0.1-SNAPSHOT @ C:\Users\sreddy\Downloads\Work\ApparelMagicAPI\pom.xml.
2017-06-26 15:22:14,226 [Worker-12] INFO  o.e.m.c.i.embedder.EclipseLogger - Using 'UTF-8' encoding to copy filtered resources.
2017-06-26 15:22:14,250 [Worker-12] INFO  o.e.m.c.i.embedder.EclipseLogger - Copying 1 resource
2017-06-26 15:22:14,280 [Worker-12] INFO  o.e.m.c.i.embedder.EclipseLogger - Copying 17 resources
2017-06-26 15:22:14,375 [Worker-12] INFO  o.e.m.c.i.embedder.EclipseLogger - Using 'UTF-8' encoding to copy filtered resources.
2017-06-26 15:22:14,375 [Worker-12] INFO  o.e.m.c.i.embedder.EclipseLogger - skip non existing resourceDirectory C:\Users\sreddy\Downloads\Work\ApparelMagicAPI\src\test\resources
2017-06-26 15:22:15,555 [Worker-13] INFO  o.e.m.c.i.l.LifecycleMappingFactory - Using org.maven.ide.eclipse.wtp.WarLifecycleMapping lifecycle mapping for MavenProject: com.katlayst:ApparelMagicClient:0.0.1-SNAPSHOT @ C:\Users\sreddy\Downloads\Work\ApparelMagicAPI\pom.xml.
2017-06-26 15:22:25,069 [Worker-0] INFO  o.e.m.c.i.embedder.EclipseLogger - Using 'UTF-8' encoding to copy filtered resources.
2017-06-26 15:22:25,099 [Worker-0] INFO  o.e.m.c.i.embedder.EclipseLogger - Copying 1 resource
2017-06-26 15:22:25,118 [Worker-0] INFO  o.e.m.c.i.embedder.EclipseLogger - Copying 17 resources
2017-06-26 15:22:25,190 [Worker-0] INFO  o.e.m.c.i.embedder.EclipseLogger - Using 'UTF-8' encoding to copy filtered resources.
2017-06-26 15:22:25,190 [Worker-0] INFO  o.e.m.c.i.embedder.EclipseLogger - skip non existing resourceDirectory C:\Users\sreddy\Downloads\Work\ApparelMagicAPI\src\test\resources
2017-06-26 15:27:38,937 [Worker-19] INFO  o.e.m.c.i.embedder.EclipseLogger - Using 'UTF-8' encoding to copy filtered resources.
2017-06-26 15:27:38,940 [Worker-19] INFO  o.e.m.c.i.embedder.EclipseLogger - Copying 0 resource
2017-06-26 15:27:38,941 [Worker-19] INFO  o.e.m.c.i.embedder.EclipseLogger - Copying 1 resource
2017-06-26 15:27:38,947 [Worker-19] INFO  o.e.m.c.i.embedder.EclipseLogger - Using 'UTF-8' encoding to copy filtered resources.
2017-06-26 15:27:38,947 [Worker-19] INFO  o.e.m.c.i.embedder.EclipseLogger - skip non existing resourceDirectory C:\Users\sreddy\Downloads\Work\ApparelMagicAPI\src\test\resources
2017-06-26 15:28:39,100 [Worker-9] INFO  o.e.m.c.i.embedder.EclipseLogger - Using 'UTF-8' encoding to copy filtered resources.
2017-06-26 15:28:39,104 [Worker-9] INFO  o.e.m.c.i.embedder.EclipseLogger - Copying 1 resource
2017-06-26 15:28:39,112 [Worker-9] INFO  o.e.m.c.i.embedder.EclipseLogger - Copying 17 resources
2017-06-26 15:28:39,116 [Worker-9] INFO  o.e.m.c.i.embedder.EclipseLogger - Using 'UTF-8' encoding to copy filtered resources.
2017-06-26 15:28:39,117 [Worker-9] INFO  o.e.m.c.i.embedder.EclipseLogger - skip non existing resourceDirectory C:\Users\sreddy\Downloads\Work\ApparelMagicAPI\src\test\resources
